ubuntu@ip-172-31-37-254:~/hello-java-apm$ docker images
REPOSITORY          TAG                 IMAGE ID            CREATED             SIZE
java                8                   d23bdf5b1b1b        9 months ago        643.2 MB
ubuntu@ip-172-31-37-254:~/hello-java-apm$ docker build -t msfhubanbei/sample .
Sending build context to Docker daemon 20.48 kB
Step 1 : FROM java:8
 ---> d23bdf5b1b1b
Step 2 : RUN wget http://apache.website-solution.net/tomcat/tomcat-8/v8.5.23/bin/apache-tomcat-8.5.23.tar.gz &&     tar xzf ./apache-tomcat-8.5.23.tar.gz -C / &&     echo "finish tomcat install" &&     env
 ---> Running in e575321bdc12
--2017-10-25 02:14:00--  http://apache.website-solution.net/tomcat/tomcat-8/v8.5.23/bin/apache-tomcat-8.5.23.tar.gz
Resolving apache.website-solution.net (apache.website-solution.net)... 180.92.182.190
Connecting to apache.website-solution.net (apache.website-solution.net)|180.92.182.190|:80... connected.
HTTP request sent, awaiting response... 200 OK
Length: 9472492 (9.0M) [application/x-gzip]
Saving to: ‘apache-tomcat-8.5.23.tar.gz’

     0K .......... .......... .......... .......... ..........  0% 64.2K 2m23s
    50K .......... .......... .......... .......... ..........  1%  122K 1m49s
   100K .......... .......... .......... .......... ..........  1%  111K 99s
   150K .......... .......... .......... .......... ..........  2%  122K 93s
   200K .......... .......... .......... .......... ..........  2%  122K 88s
   250K .......... .......... .......... .......... ..........  3%  111K 87s
   300K .......... .......... .......... .......... ..........  3%  122K 84s
   350K .......... .......... .......... .......... ..........  4%  136K 82s
   400K .......... .......... .......... .......... ..........  4%  111K 81s
   450K .......... .......... .......... .......... ..........  5%  122K 80s
   500K .......... .......... .......... .......... ..........  5%  122K 78s
   550K .......... .......... .......... .......... ..........  6%  122K 77s
   600K .......... .......... .......... .......... ..........  7% 94.2K 78s
   650K .......... .......... .......... .......... ..........  7%  111K 77s
   700K .......... .......... .......... .......... ..........  8%  122K 77s
   750K .......... .......... .......... .......... ..........  8%  122K 76s
   800K .......... .......... .......... .......... ..........  9%  135K 74s
   850K .......... .......... .......... .......... ..........  9%  173K 73s
   900K .......... .......... .......... .......... .......... 10%  123K 72s
   950K .......... .......... .......... .......... .......... 10%  122K 71s
  1000K .......... .......... .......... .......... .......... 11%  121K 71s
  1050K .......... .......... .......... .......... .......... 11%  111K 70s
  1100K .......... .......... .......... .......... .......... 12%  122K 70s
  1150K .......... .......... .......... .......... .......... 12%  122K 69s
  1200K .......... .......... .......... .......... .......... 13%  122K 69s
  1250K .......... .......... .......... .......... .......... 14%  122K 68s
  1300K .......... .......... .......... .......... .......... 14%  121K 68s
  1350K .......... .......... .......... .......... .......... 15%  111K 67s
  1400K .......... .......... .......... .......... .......... 15%  122K 67s
  1450K .......... .......... .......... .......... .......... 16%  122K 66s
  1500K .......... .......... .......... .......... .......... 16%  122K 66s
  1550K .......... .......... .......... .......... .......... 17%  121K 65s
  1600K .......... .......... .......... .......... .......... 17%  110K 65s
  1650K .......... .......... .......... .......... .......... 18%  122K 64s
  1700K .......... .......... .......... .......... .......... 18%  122K 64s
  1750K .......... .......... .......... .......... .......... 19%  122K 63s
  1800K .......... .......... .......... .......... .......... 19%  121K 63s
  1850K .......... .......... .......... .......... .......... 20%  111K 63s
  1900K .......... .......... .......... .......... .......... 21%  122K 62s
  1950K .......... .......... .......... .......... .......... 21%  122K 62s
  2000K .......... .......... .......... .......... .......... 22%  122K 61s
  2050K .......... .......... .......... .......... .......... 22%  120K 61s
  2100K .......... .......... .......... .......... .......... 23%  111K 60s
  2150K .......... .......... .......... .......... .......... 23%  122K 60s
  2200K .......... .......... .......... .......... .......... 24%  122K 59s
  2250K .......... .......... .......... .......... .......... 24%  122K 59s
  2300K .......... .......... .......... .......... .......... 25%  121K 59s
  2350K .......... .......... .......... .......... .......... 25%  112K 58s
  2400K .......... .......... .......... .......... .......... 26%  122K 58s
  2450K .......... .......... .......... .......... .......... 27%  122K 57s
  2500K .......... .......... .......... .......... .......... 27%  122K 57s
  2550K .......... .......... .......... .......... .......... 28%  122K 56s
  2600K .......... .......... .......... .......... .......... 28%  111K 56s
  2650K .......... .......... .......... .......... .......... 29%  121K 56s
  2700K .......... .......... .......... .......... .......... 29%  122K 55s
  2750K .......... .......... .......... .......... .......... 30%  122K 55s
  2800K .......... .......... .......... .......... .......... 30%  122K 54s
  2850K .......... .......... .......... .......... .......... 31%  111K 54s
  2900K .......... .......... .......... .......... .......... 31%  123K 53s
  2950K .......... .......... .......... .......... .......... 32%  122K 53s
  3000K .......... .......... .......... .......... .......... 32%  122K 52s
  3050K .......... .......... .......... .......... .......... 33%  111K 52s
  3100K .......... .......... .......... .......... .......... 34%  122K 52s
  3150K .......... .......... .......... .......... .......... 34%  122K 51s
  3200K .......... .......... .......... .......... .......... 35%  121K 51s
  3250K .......... .......... .......... .......... .......... 35%  122K 50s
  3300K .......... .......... .......... .......... .......... 36%  121K 50s
  3350K .......... .......... .......... .......... .......... 36%  112K 49s
  3400K .......... .......... .......... .......... .......... 37%  122K 49s
  3450K .......... .......... .......... .......... .......... 37%  122K 49s
  3500K .......... .......... .......... .......... .......... 38%  122K 48s
  3550K .......... .......... .......... .......... .......... 38%  120K 48s
  3600K .......... .......... .......... .......... .......... 39%  111K 47s
  3650K .......... .......... .......... .......... .......... 39%  122K 47s
  3700K .......... .......... .......... .......... .......... 40%  122K 46s
  3750K .......... .......... .......... .......... .......... 41%  122K 46s
  3800K .......... .......... .......... .......... .......... 41%  122K 46s
  3850K .......... .......... .......... .......... .......... 42%  110K 45s
  3900K .......... .......... .......... .......... .......... 42%  122K 45s
  3950K .......... .......... .......... .......... .......... 43%  122K 44s
  4000K .......... .......... .......... .......... .......... 43%  122K 44s
  4050K .......... .......... .......... .......... .......... 44%  122K 43s
  4100K .......... .......... .......... .......... .......... 44%  111K 43s
  4150K .......... .......... .......... .......... .......... 45%  122K 43s
  4200K .......... .......... .......... .......... .......... 45%  122K 42s
  4250K .......... .......... .......... .......... .......... 46%  121K 42s
  4300K .......... .......... .......... .......... .......... 47%  112K 41s
  4350K .......... .......... .......... .......... .......... 47%  122K 41s
  4400K .......... .......... .......... .......... .......... 48%  122K 40s
  4450K .......... .......... .......... .......... .......... 48%  122K 40s
  4500K .......... .......... .......... .......... .......... 49%  122K 40s
  4550K .......... .......... .......... .......... .......... 49%  111K 39s
  4600K .......... .......... .......... .......... .......... 50%  122K 39s
  4650K .......... .......... .......... .......... .......... 50%  122K 38s
  4700K .......... .......... .......... .......... .......... 51%  122K 38s
  4750K .......... .......... .......... .......... .......... 51% 81.6K 38s
  4800K .......... .......... .......... .......... .......... 52%  102K 37s
  4850K .......... .......... .......... .......... .......... 52% 7.25K 43s
  4900K .......... .......... .......... .......... .......... 53%  153K 42s
  4950K .......... .......... .......... .......... .......... 54%  503M 41s
  5000K .......... .......... .......... .......... .......... 54%  592M 40s
  5050K .......... .......... .......... .......... .......... 55%  474M 39s
  5100K .......... .......... .......... .......... .......... 55%  584M 39s
  5150K .......... .......... .......... .......... .......... 56%  577M 38s
  5200K .......... .......... .......... .......... .......... 56%  573M 37s
  5250K .......... .......... .......... .......... .......... 57%  499M 36s
  5300K .......... .......... .......... .......... .......... 57%  577M 35s
  5350K .......... .......... .......... .......... .......... 58%  591M 34s
  5400K .......... .......... .......... .......... .......... 58%  587M 34s
  5450K .......... .......... .......... .......... .......... 59%  520M 33s
  5500K .......... .......... .......... .......... .......... 59%  596M 32s
  5550K .......... .......... .......... .......... .......... 60%  588M 32s
  5600K .......... .......... .......... .......... .......... 61%  602M 31s
  5650K .......... .......... .......... .......... .......... 61%  474M 30s
  5700K .......... .......... .......... .......... .......... 62%  175K 30s
  5750K .......... .......... .......... .......... .......... 62%  111K 29s
  5800K .......... .......... .......... .......... .......... 63%  113K 29s
  5850K .......... .......... .......... .......... .......... 63%  111K 28s
  5900K .......... .......... .......... .......... .......... 64%  111K 28s
  5950K .......... .......... .......... .......... .......... 64%  121K 28s
  6000K .......... .......... .......... .......... .......... 65%  123K 27s
  6050K .......... .......... .......... .......... .......... 65% 9.46K 29s
  6100K .......... .......... .......... .......... .......... 66%  137K 29s
  6150K .......... .......... .......... .......... .......... 67%  135K 28s
  6200K .......... .......... .......... .......... .......... 67%  320M 27s
  6250K .......... .......... .......... .......... .......... 68%  482M 27s
  6300K .......... .......... .......... .......... .......... 68%  598M 26s
  6350K .......... .......... .......... .......... .......... 69%  613M 26s
  6400K .......... .......... .......... .......... .......... 69%  474M 25s
  6450K .......... .......... .......... .......... .......... 70%  587M 24s
  6500K .......... .......... .......... .......... .......... 70%  577M 24s
  6550K .......... .......... .......... .......... .......... 71%  570M 23s
  6600K .......... .......... .......... .......... .......... 71%  489M 22s
  6650K .......... .......... .......... .......... .......... 72%  498M 22s
  6700K .......... .......... .......... .......... .......... 72%  537M 21s
  6750K .......... .......... .......... .......... .......... 73%  625K 21s
  6800K .......... .......... .......... .......... .......... 74%  110K 20s
  6850K .......... .......... .......... .......... .......... 74%  152K 20s
  6900K .......... .......... .......... .......... .......... 75%  152K 19s
  6950K .......... .......... .......... .......... .......... 75%  122K 19s
  7000K .......... .......... .......... .......... .......... 76%  113K 19s
  7050K .......... .......... .......... .......... .......... 76%  122K 18s
  7100K .......... .......... .......... .......... .......... 77%  122K 18s
  7150K .......... .......... .......... .......... .......... 77%  110K 17s
  7200K .......... .......... .......... .......... .......... 78%  122K 17s
  7250K .......... .......... .......... .......... .......... 78%  123K 16s
  7300K .......... .......... .......... .......... .......... 79%  122K 16s
  7350K .......... .......... .......... .......... .......... 79%  122K 16s
  7400K .......... .......... .......... .......... .......... 80%  122K 15s
  7450K .......... .......... .......... .......... .......... 81%  111K 15s
  7500K .......... .......... .......... .......... .......... 81%  122K 14s
  7550K .......... .......... .......... .......... .......... 82%  122K 14s
  7600K .......... .......... .......... .......... .......... 82%  111K 13s
  7650K .......... .......... .......... .......... .......... 83%  122K 13s
  7700K .......... .......... .......... .......... .......... 83%  122K 13s
  7750K .......... .......... .......... .......... .......... 84%  122K 12s
  7800K .......... .......... .......... .......... .......... 84%  122K 12s
  7850K .......... .......... .......... .......... .......... 85%  112K 11s
  7900K .......... .......... .......... .......... .......... 85%  122K 11s
  7950K .......... .......... .......... .......... .......... 86%  111K 11s
  8000K .......... .......... .......... .......... .......... 87%  102K 10s
  8050K .......... .......... .......... .......... .......... 87%  154K 10s
  8100K .......... .......... .......... .......... .......... 88%  121K 9s
  8150K .......... .......... .......... .......... .......... 88%  111K 9s
  8200K .......... .......... .......... .......... .......... 89%  122K 8s
  8250K .......... .......... .......... .......... .......... 89%  122K 8s
  8300K .......... .......... .......... .......... .......... 90%  122K 8s
  8350K .......... .......... .......... .......... .......... 90%  122K 7s
  8400K .......... .......... .......... .......... .......... 91%  113K 7s
  8450K .......... .......... .......... .......... .......... 91%  111K 6s
  8500K .......... .......... .......... .......... .......... 92%  125K 6s
  8550K .......... .......... .......... .......... .......... 92%  121K 5s
  8600K .......... .......... .......... .......... .......... 93%  123K 5s
  8650K .......... .......... .......... .......... .......... 94%  121K 5s
  8700K .......... .......... .......... .......... .......... 94%  111K 4s
  8750K .......... .......... .......... .......... .......... 95%  122K 4s
  8800K .......... .......... .......... .......... .......... 95%  122K 3s
  8850K .......... .......... .......... .......... .......... 96%  122K 3s
  8900K .......... .......... .......... .......... .......... 96%  121K 3s
  8950K .......... .......... .......... .......... .......... 97%  112K 2s
  9000K .......... .......... .......... .......... .......... 97%  122K 2s
  9050K .......... .......... .......... .......... .......... 98%  122K 1s
  9100K .......... .......... .......... .......... .......... 98%  110K 1s
  9150K .......... .......... .......... .......... .......... 99%  122K 0s
  9200K .......... .......... .......... .......... .......... 99%  123K 0s
  9250K                                                       100%  916G=78s

2017-10-25 02:15:18 (119 KB/s) - ‘apache-tomcat-8.5.23.tar.gz’ saved [9472492/9472492]

finish tomcat install
HOSTNAME=33842653d6db
HOME=/root
JAVA_VERSION=8u111
CA_CERTIFICATES_JAVA_VERSION=20140324
JAVA_DEBIAN_VERSION=8u111-b14-2~bpo8+1
PATH=/usr/local/sbin:/usr/local/bin:/usr/sbin:/usr/bin:/sbin:/bin
LANG=C.UTF-8
JAVA_HOME=/usr/lib/jvm/java-8-openjdk-amd64
PWD=/
 ---> 5aab022fca43
Removing intermediate container e575321bdc12
Step 3 : ENV TOMCAT_HOME /apache-tomcat-8.5.23
 ---> Running in 1a9fa31e7e4e
 ---> f57992767e34
Removing intermediate container 1a9fa31e7e4e
Step 4 : ENV CATALINA_HOME /apache-tomcat-8.5.23
 ---> Running in 6a45e3acebe1
 ---> add901a84bff
Removing intermediate container 6a45e3acebe1
Step 5 : ENV PATH $PATH:$TOMCAT_HOME/bin
 ---> Running in ca7620650093
 ---> 6c1ea77fd3b3
Removing intermediate container ca7620650093
Step 6 : RUN apt-get update && apt-get install net-tools
 ---> Running in b53e3e581b4d
Get:1 http://security.debian.org jessie/updates InRelease [63.1 kB]
Ign http://deb.debian.org jessie InRelease
Get:2 http://deb.debian.org jessie-updates InRelease [145 kB]
Get:3 http://deb.debian.org jessie-backports InRelease [166 kB]
Get:4 http://deb.debian.org jessie Release.gpg [2373 B]
Get:5 http://deb.debian.org jessie Release [148 kB]
Get:6 http://security.debian.org jessie/updates/main amd64 Packages [548 kB]
Get:7 http://deb.debian.org jessie-updates/main amd64 Packages [23.1 kB]
Get:8 http://deb.debian.org jessie-backports/main amd64 Packages [1169 kB]
Get:9 http://deb.debian.org jessie/main amd64 Packages [9063 kB]
Fetched 11.3 MB in 1min 41s (111 kB/s)
Reading package lists...
Reading package lists...
Building dependency tree...
Reading state information...
The following NEW packages will be installed:
  net-tools
0 upgraded, 1 newly installed, 0 to remove and 61 not upgraded.
Need to get 225 kB of archives.
After this operation, 803 kB of additional disk space will be used.
Get:1 http://deb.debian.org/debian/ jessie/main net-tools amd64 1.60-26+b1 [225 kB]
debconf: delaying package configuration, since apt-utils is not installed
Fetched 225 kB in 10s (21.0 kB/s)
Selecting previously unselected package net-tools.
(Reading database ... 17571 files and directories currently installed.)
Preparing to unpack .../net-tools_1.60-26+b1_amd64.deb ...
Unpacking net-tools (1.60-26+b1) ...
Setting up net-tools (1.60-26+b1) ...
 ---> 851f6f15b4f4
Removing intermediate container b53e3e581b4d
Step 7 : RUN wget https://oss.sonatype.org/content/repositories/releases/com/newrelic/agent/java/newrelic-java/3.34.0/newrelic-java-3.34.0.zip &&     unzip ./newrelic-java-3.34.0.zip -d /apache-tomcat-8.5.23
 ---> Running in ba48d24d88e4
--2017-10-25 02:21:39--  https://oss.sonatype.org/content/repositories/releases/com/newrelic/agent/java/newrelic-java/3.34.0/newrelic-java-3.34.0.zip
Resolving oss.sonatype.org (oss.sonatype.org)... 107.23.166.173, 34.199.111.237, 54.173.252.242
Connecting to oss.sonatype.org (oss.sonatype.org)|107.23.166.173|:443... connected.
HTTP request sent, awaiting response... 200 OK
Length: 8571284 (8.2M) [application/zip]
Saving to: ‘newrelic-java-3.34.0.zip’

     0K .......... .......... .......... .......... ..........  0%  309K 27s
    50K .......... .......... .......... .......... ..........  1%  616K 20s
   100K .......... .......... .......... .......... ..........  1%  327M 13s
   150K .......... .......... .......... .......... ..........  2%  619K 13s
   200K .......... .......... .......... .......... ..........  2%  226M 11s
   250K .......... .......... .......... .......... ..........  3%  297M 9s
   300K .......... .......... .......... .......... ..........  4% 1.21M 8s
   350K .......... .......... .......... .......... ..........  4%  310M 7s
   400K .......... .......... .......... .......... ..........  5% 1.20M 7s
   450K .......... .......... .......... .......... ..........  5%  276M 6s
   500K .......... .......... .......... .......... ..........  6%  345M 6s
   550K .......... .......... .......... .......... ..........  7%  369M 5s
   600K .......... .......... .......... .......... ..........  7%  364M 5s
   650K .......... .......... .......... .......... ..........  8% 1.11M 5s
   700K .......... .......... .......... .......... ..........  8%  328M 5s
   750K .......... .......... .......... .......... ..........  9%  356M 4s
   800K .......... .......... .......... .......... .......... 10% 1.21M 4s
   850K .......... .......... .......... .......... .......... 10%  276M 4s
   900K .......... .......... .......... .......... .......... 11%  316M 4s
   950K .......... .......... .......... .......... .......... 11%  354M 4s
  1000K .......... .......... .......... .......... .......... 12%  364M 3s
  1050K .......... .......... .......... .......... .......... 13% 1.22M 4s
  1100K .......... .......... .......... .......... .......... 13%  307M 3s
  1150K .......... .......... .......... .......... .......... 14%  369M 3s
  1200K .......... .......... .......... .......... .......... 14%  361M 3s
  1250K .......... .......... .......... .......... .......... 15%  304M 3s
  1300K .......... .......... .......... .......... .......... 16% 1.22M 3s
  1350K .......... .......... .......... .......... .......... 16%  126M 3s
  1400K .......... .......... .......... .......... .......... 17%  151M 3s
  1450K .......... .......... .......... .......... .......... 17%  159M 3s
  1500K .......... .......... .......... .......... .......... 18%  174M 3s
  1550K .......... .......... .......... .......... .......... 19%  159M 2s
  1600K .......... .......... .......... .......... .......... 19%  165M 2s
  1650K .......... .......... .......... .......... .......... 20%  147M 2s
  1700K .......... .......... .......... .......... .......... 20%  151M 2s
  1750K .......... .......... .......... .......... .......... 21%  122M 2s
  1800K .......... .......... .......... .......... .......... 22%  112M 2s
  1850K .......... .......... .......... .......... .......... 22%  628K 2s
  1900K .......... .......... .......... .......... .......... 23% 1.26M 2s
  1950K .......... .......... .......... .......... .......... 23%  314M 2s
  2000K .......... .......... .......... .......... .......... 24%  334M 2s
  2050K .......... .......... .......... .......... .......... 25%  306M 2s
  2100K .......... .......... .......... .......... .......... 25%  360M 2s
  2150K .......... .......... .......... .......... .......... 26%  373M 2s
  2200K .......... .......... .......... .......... .......... 26%  376M 2s
  2250K .......... .......... .......... .......... .......... 27%  325M 2s
  2300K .......... .......... .......... .......... .......... 28%  385M 2s
  2350K .......... .......... .......... .......... .......... 28%  373M 2s
  2400K .......... .......... .......... .......... .......... 29%  385M 2s
  2450K .......... .......... .......... .......... .......... 29%  309M 2s
  2500K .......... .......... .......... .......... .......... 30%  366M 2s
  2550K .......... .......... .......... .......... .......... 31%  385M 2s
  2600K .......... .......... .......... .......... .......... 31%  367M 2s
  2650K .......... .......... .......... .......... .......... 32% 1.26M 2s
  2700K .......... .......... .......... .......... .......... 32%  269M 2s
  2750K .......... .......... .......... .......... .......... 33%  339M 1s
  2800K .......... .......... .......... .......... .......... 34%  372M 1s
  2850K .......... .......... .......... .......... .......... 34%  263M 1s
  2900K .......... .......... .......... .......... .......... 35%  366M 1s
  2950K .......... .......... .......... .......... .......... 35%  327M 1s
  3000K .......... .......... .......... .......... .......... 36% 1.24M 1s
  3050K .......... .......... .......... .......... .......... 37%  280M 1s
  3100K .......... .......... .......... .......... .......... 37%  324M 1s
  3150K .......... .......... .......... .......... .......... 38%  335M 1s
  3200K .......... .......... .......... .......... .......... 38%  336M 1s
  3250K .......... .......... .......... .......... .......... 39%  278M 1s
  3300K .......... .......... .......... .......... .......... 40%  332M 1s
  3350K .......... .......... .......... .......... .......... 40%  330M 1s
  3400K .......... .......... .......... .......... .......... 41% 1.23M 1s
  3450K .......... .......... .......... .......... .......... 41%  112M 1s
  3500K .......... .......... .......... .......... .......... 42%  144M 1s
  3550K .......... .......... .......... .......... .......... 43% 52.2M 1s
  3600K .......... .......... .......... .......... .......... 43% 34.0M 1s
  3650K .......... .......... .......... .......... .......... 44%  603K 1s
  3700K .......... .......... .......... .......... .......... 44% 81.9M 1s
  3750K .......... .......... .......... .......... .......... 45% 83.3M 1s
  3800K .......... .......... .......... .......... .......... 45% 81.9M 1s
  3850K .......... .......... .......... .......... .......... 46%  640K 1s
  3900K .......... .......... .......... .......... .......... 47% 79.7M 1s
  3950K .......... .......... .......... .......... .......... 47% 82.2M 1s
  4000K .......... .......... .......... .......... .......... 48% 82.5M 1s
  4050K .......... .......... .......... .......... .......... 48% 68.7M 1s
  4100K .......... .......... .......... .......... .......... 49% 81.9M 1s
  4150K .......... .......... .......... .......... .......... 50% 1.32M 1s
  4200K .......... .......... .......... .......... .......... 50%  350M 1s
  4250K .......... .......... .......... .......... .......... 51%  333M 1s
  4300K .......... .......... .......... .......... .......... 51%  379M 1s
  4350K .......... .......... .......... .......... .......... 52%  367M 1s
  4400K .......... .......... .......... .......... .......... 53%  362M 1s
  4450K .......... .......... .......... .......... .......... 53%  302M 1s
  4500K .......... .......... .......... .......... .......... 54%  377M 1s
  4550K .......... .......... .......... .......... .......... 54%  381M 1s
  4600K .......... .......... .......... .......... .......... 55%  377M 1s
  4650K .......... .......... .......... .......... .......... 56%  346M 1s
  4700K .......... .......... .......... .......... .......... 56%  378M 1s
  4750K .......... .......... .......... .......... .......... 57%  382M 1s
  4800K .......... .......... .......... .......... .......... 57%  381M 1s
  4850K .......... .......... .......... .......... .......... 58%  306M 1s
  4900K .......... .......... .......... .......... .......... 59%  384M 1s
  4950K .......... .......... .......... .......... .......... 59%  378M 1s
  5000K .......... .......... .......... .......... .......... 60%  371M 1s
  5050K .......... .......... .......... .......... .......... 60%  344M 1s
  5100K .......... .......... .......... .......... .......... 61%  366M 1s
  5150K .......... .......... .......... .......... .......... 62%  382M 1s
  5200K .......... .......... .......... .......... .......... 62%  333M 1s
  5250K .......... .......... .......... .......... .......... 63%  310M 1s
  5300K .......... .......... .......... .......... .......... 63%  383M 1s
  5350K .......... .......... .......... .......... .......... 64%  375M 1s
  5400K .......... .......... .......... .......... .......... 65%  360M 1s
  5450K .......... .......... .......... .......... .......... 65%  335M 1s
  5500K .......... .......... .......... .......... .......... 66%  358M 1s
  5550K .......... .......... .......... .......... .......... 66%  381M 1s
  5600K .......... .......... .......... .......... .......... 67%  643K 1s
  5650K .......... .......... .......... .......... .......... 68% 72.9M 1s
  5700K .......... .......... .......... .......... .......... 68% 81.9M 1s
  5750K .......... .......... .......... .......... .......... 69% 83.2M 0s
  5800K .......... .......... .......... .......... .......... 69% 58.9M 0s
  5850K .......... .......... .......... .......... .......... 70% 1.31M 0s
  5900K .......... .......... .......... .......... .......... 71%  308M 0s
  5950K .......... .......... .......... .......... .......... 71%  330M 0s
  6000K .......... .......... .......... .......... .......... 72%  351M 0s
  6050K .......... .......... .......... .......... .......... 72%  288M 0s
  6100K .......... .......... .......... .......... .......... 73%  326M 0s
  6150K .......... .......... .......... .......... .......... 74%  329M 0s
  6200K .......... .......... .......... .......... .......... 74%  362M 0s
  6250K .......... .......... .......... .......... .......... 75%  277M 0s
  6300K .......... .......... .......... .......... .......... 75%  303M 0s
  6350K .......... .......... .......... .......... .......... 76%  372M 0s
  6400K .......... .......... .......... .......... .......... 77%  625K 0s
  6450K .......... .......... .......... .......... .......... 77%  115M 0s
  6500K .......... .......... .......... .......... .......... 78%  131M 0s
  6550K .......... .......... .......... .......... .......... 78%  148M 0s
  6600K .......... .......... .......... .......... .......... 79%  135M 0s
  6650K .......... .......... .......... .......... .......... 80%  159M 0s
  6700K .......... .......... .......... .......... .......... 80%  146M 0s
  6750K .......... .......... .......... .......... .......... 81%  158M 0s
  6800K .......... .......... .......... .......... .......... 81%  164M 0s
  6850K .......... .......... .......... .......... .......... 82%  112M 0s
  6900K .......... .......... .......... .......... .......... 83%  606K 0s
  6950K .......... .......... .......... .......... .......... 83% 82.7M 0s
  7000K .......... .......... .......... .......... .......... 84% 80.6M 0s
  7050K .......... .......... .......... .......... .......... 84% 70.9M 0s
  7100K .......... .......... .......... .......... .......... 85% 83.0M 0s
  7150K .......... .......... .......... .......... .......... 86% 1.31M 0s
  7200K .......... .......... .......... .......... .......... 86%  309M 0s
  7250K .......... .......... .......... .......... .......... 87%  287M 0s
  7300K .......... .......... .......... .......... .......... 87%  327M 0s
  7350K .......... .......... .......... .......... .......... 88%  371M 0s
  7400K .......... .......... .......... .......... .......... 89%  367M 0s
  7450K .......... .......... .......... .......... .......... 89%  298M 0s
  7500K .......... .......... .......... .......... .......... 90%  327M 0s
  7550K .......... .......... .......... .......... .......... 90%  317M 0s
  7600K .......... .......... .......... .......... .......... 91%  334M 0s
  7650K .......... .......... .......... .......... .......... 91%  291M 0s
  7700K .......... .......... .......... .......... .......... 92%  358M 0s
  7750K .......... .......... .......... .......... .......... 93%  374M 0s
  7800K .......... .......... .......... .......... .......... 93%  302M 0s
  7850K .......... .......... .......... .......... .......... 94%  317M 0s
  7900K .......... .......... .......... .......... .......... 94%  285M 0s
  7950K .......... .......... .......... .......... .......... 95%  367M 0s
  8000K .......... .......... .......... .......... .......... 96%  313M 0s
  8050K .......... .......... .......... .......... .......... 96%  312M 0s
  8100K .......... .......... .......... .......... .......... 97%  315M 0s
  8150K .......... .......... .......... .......... .......... 97%  378M 0s
  8200K .......... .......... .......... .......... .......... 98%  347M 0s
  8250K .......... .......... .......... .......... .......... 99%  314M 0s
  8300K .......... .......... .......... .......... .......... 99%  643K 0s
  8350K .......... ..........                                 100% 79.7M=1.4s

2017-10-25 02:21:41 (5.71 MB/s) - ‘newrelic-java-3.34.0.zip’ saved [8571284/8571284]

Archive:  ./newrelic-java-3.34.0.zip
   creating: /apache-tomcat-8.5.23/newrelic/
  inflating: /apache-tomcat-8.5.23/newrelic/newrelic.jar
  inflating: /apache-tomcat-8.5.23/newrelic/LICENSE
  inflating: /apache-tomcat-8.5.23/newrelic/CHANGELOG
  inflating: /apache-tomcat-8.5.23/newrelic/README.txt
  inflating: /apache-tomcat-8.5.23/newrelic/extension-example.xml
  inflating: /apache-tomcat-8.5.23/newrelic/extension.xsd
  inflating: /apache-tomcat-8.5.23/newrelic/newrelic.yml
  inflating: /apache-tomcat-8.5.23/newrelic/nrcerts
  inflating: /apache-tomcat-8.5.23/newrelic/newrelic-api.jar
  inflating: /apache-tomcat-8.5.23/newrelic/newrelic-api-sources.jar
  inflating: /apache-tomcat-8.5.23/newrelic/newrelic-api-javadoc.jar
 ---> 62fd13003aad
Removing intermediate container ba48d24d88e4
Step 8 : RUN java -jar /apache-tomcat-8.5.23/newrelic/newrelic.jar install -s /apache-tomcat-8.5.23/ &&     echo "finish newrelic-java-apm-agent install"
 ---> Running in 9632c8fc1f76
***** ( ( o))  New Relic Java Agent Installer

***** Installing version 3.34.0 ...

* Backed up start script to /apache-tomcat-8.5.23/bin/catalina.sh.20171025_022200

* Added agent switch to start script /apache-tomcat-8.5.23/bin/catalina.sh

* No need to create New Relic configuration file because:
 A config file already exists: /apache-tomcat-8.5.23/newrelic/newrelic.yml

***** Install successful

***** Next steps:
You're almost done! To see performance data for your app:

1) Restart your app server
2) Exercise your app
3) Log into http://rpm.newrelic.com

Within two minutes, your app should show up, ready to monitor and troubleshoot.
If app data doesn't appear, check newrelic/logs/newrelic_agent.log for errors.
finish newrelic-java-apm-agent install
 ---> d193d25d5caa
Removing intermediate container 9632c8fc1f76
Step 9 : ADD ./sample.war /apache-tomcat-8.5.23/webapps
 ---> ae02321d28be
Removing intermediate container 1237f63cfe9f
Step 10 : ENV CATALINA_OPTS -javaagent:/apache-tomcat-8.5.23/newrelic/newrelic.jar
 ---> Running in e54efae856a3
 ---> 0a49e2f63470
Removing intermediate container e54efae856a3
Step 11 : ENV JAVA_OPTS $JAVA_OPTS -javaagent:/apache-tomcat-8.5.23/newrelic/newrelic.jar
 ---> Running in 2829c75dbcc5
 ---> 94ee2d2e3830
Removing intermediate container 2829c75dbcc5
Step 12 : ADD ./HelloWorld.java /
 ---> 1058bbd841ec
Removing intermediate container 3c09881eaa44
Step 13 : RUN javac HelloWorld.java
 ---> Running in 446e9406c126
 ---> 11ecc19bc109
Removing intermediate container 446e9406c126
Step 14 : RUN chmod +x /apache-tomcat-8.5.23/bin/*.sh
 ---> Running in d0dc4567c7e7
 ---> 18049ae8c32d
Removing intermediate container d0dc4567c7e7
Step 15 : RUN chmod +x /apache-tomcat-8.5.23/newrelic/*.yml
 ---> Running in 14c7d5668464
 ---> 3afec6c48c07
Removing intermediate container 14c7d5668464
Step 16 : RUN echo "sample env" &&     env
 ---> Running in a9ab369aa79a
sample env
HOSTNAME=33842653d6db
HOME=/root
TOMCAT_HOME=/apache-tomcat-8.5.23
CATALINA_HOME=/apache-tomcat-8.5.23
JAVA_VERSION=8u111
CA_CERTIFICATES_JAVA_VERSION=20140324
JAVA_DEBIAN_VERSION=8u111-b14-2~bpo8+1
PATH=/usr/local/sbin:/usr/local/bin:/usr/sbin:/usr/bin:/sbin:/bin:/apache-tomcat-8.5.23/bin
JAVA_OPTS= -javaagent:/apache-tomcat-8.5.23/newrelic/newrelic.jar
LANG=C.UTF-8
JAVA_HOME=/usr/lib/jvm/java-8-openjdk-amd64
PWD=/
CATALINA_OPTS=-javaagent:/apache-tomcat-8.5.23/newrelic/newrelic.jar
 ---> 52141ca09daf
Removing intermediate container a9ab369aa79a
Step 17 : EXPOSE 8080
 ---> Running in b325af8e5c37
 ---> 8110c8b50127
Removing intermediate container b325af8e5c37
Step 18 : COPY ./run.sh /
 ---> af33bbf72a45
Removing intermediate container 4dda7bfd18f3
Step 19 : RUN chmod +x /run.sh
 ---> Running in 9db53dd53941
 ---> 03a8e036d268
Removing intermediate container 9db53dd53941
Step 20 : ENTRYPOINT /bin/bash
 ---> Running in 65aadd645fee
 ---> 87b14a40484e
Removing intermediate container 65aadd645fee
Step 21 : CMD /run.sh
 ---> Running in 9cba7b0ebf35
 ---> 6e13718a40b8
Removing intermediate container 9cba7b0ebf35
Successfully built 6e13718a40b8
ubuntu@ip-172-31-37-254:~/hello-java-apm$ docker run -p 58081:8080 msfhubanbei/sample
# This file configures the New Relic Agent.  New Relic monitors
# Java applications with deep visibility and low overhead.  For more details and additional
# configuration options visit https://docs.newrelic.com/docs/java/java-agent-configuration.
#
# <%= generated_for_user %>
#
# This section is for settings common to all environments.
# Do not add anything above this next line.
common: &default_settings

  # ============================== LICENSE KEY ===============================
  # You must specify the license key associated with your New Relic
  # account. For example, if your license key is 12345 use this:
  # license_key: '12345'
  # The key binds your Agent's data to your account in the New Relic service.
  license_key: ''

  # Agent Enabled
  # Use this setting to disable the agent instead of removing it from the startup command.
  # Default is true.
  agent_enabled: true

  # Set the name of your application as you'd like it show up in New Relic.
  # If enable_auto_app_naming is false, the agent reports all data to this application.
  # Otherwise, the agent reports only background tasks (transactions for non-web applications)
  # to this application. To report data to more than one application
  # (useful for rollup reporting), separate the application names with ";".
  # For example, to report data to "My Application" and "My Application 2" use this:
  # app_name: sample;My Application 2
  # This setting is required. Up to 3 different application names can be specified.
  # The first application name must be unique.
  app_name: sample

  # To enable high security, set this property to true. When in high
  # security mode, the agent will use SSL and obfuscated SQL. Additionally,
  # request parameters and message parameters will not be sent to New Relic.
  high_security: false

  # Set to true to enable support for auto app naming.
  # The name of each web app is detected automatically
  # and the agent reports data separately for each one.
  # This provides a finer-grained performance breakdown for
  # web apps in New Relic.
  # Default is false.
  enable_auto_app_naming: false

  # Set to true to enable component-based transaction naming.
  # Set to false to use the URI of a web request as the name of the transaction.
  # Default is true.
  enable_auto_transaction_naming: true

  # The agent uses its own log file to keep its logging
  # separate from that of your application.  Specify the log level here.
  # This setting is dynamic, so changes do not require restarting your application.
  # The levels in increasing order of verboseness are:
  #   off, severe, warning, info, fine, finer, finest
  # Default is info.
  log_level: finest

  # Log all data sent to and from New Relic in plain text.
  # This setting is dynamic, so changes do not require restarting your application.
  # Default is false.
  audit_mode: false

  # The number of backup log files to save.
  # Default is 1.
  log_file_count: 1

  # The maximum number of kbytes to write to any one log file.
  # The log_file_count must be set greater than 1.
  # Default is 0 (no limit).
  log_limit_in_kbytes: 0

  # Override other log rolling configuration and roll the logs daily.
  # Default is false.
  log_daily: false

  # The name of the log file.
  # Default is newrelic_agent.log.
  log_file_name: newrelic_agent.log

  # The log file directory.
  # Default is the logs directory in the newrelic.jar parent directory.
  #log_file_path:

  # The agent communicates with New Relic via https by
  # default.  If you want to communicate with newrelic via http,
  # then turn off SSL by setting this value to false.
  # This work is done asynchronously to the threads that process your
  # application code, so response times will not be directly affected
  # by this change.
  # Default is true.
  ssl: true

  # Proxy settings for connecting to the New Relic server:
  # If a proxy is used, the host setting is required.  Other settings
  # are optional.  Default port is 8080.  The username and password
  # settings will be used to authenticate to Basic Auth challenges
  # from a proxy server.
  #proxy_host: hostname
  #proxy_port: 8080
  #proxy_user: username
  #proxy_password: password

  # Limits the number of lines to capture for each stack trace.
  # Default is 30
  max_stack_trace_lines: 30

  # Provides the ability to configure the attributes sent to New Relic. These
  # attributes can be found in transaction traces, traced errors, Insight's
  # transaction events, and Insight's page views.
  attributes:

    # When true, attributes will be sent to New Relic. The default is true.
    enabled: true

    #A comma separated list of attribute keys whose values should
    # be sent to New Relic.
    #include:

    # A comma separated list of attribute keys whose values should
    # not be sent to New Relic.
    #exclude:


  # Transaction tracer captures deep information about slow
  # transactions and sends this to the New Relic service once a
  # minute. Included in the transaction is the exact call sequence of
  # the transactions including any SQL statements issued.
  transaction_tracer:

    # Transaction tracer is enabled by default. Set this to false to turn it off.
    # This feature is not available to Lite accounts and is automatically disabled.
    # Default is true.
    enabled: true

    # Threshold in seconds for when to collect a transaction
    # trace. When the response time of a controller action exceeds
    # this threshold, a transaction trace will be recorded and sent to
    # New Relic. Valid values are any float value, or (default) "apdex_f",
    # which will use the threshold for the "Frustrated" Apdex level
    # (greater than four times the apdex_t value).
    # Default is apdex_f.
    transaction_threshold: apdex_f

    # When transaction tracer is on, SQL statements can optionally be
    # recorded. The recorder has three modes, "off" which sends no
    # SQL, "raw" which sends the SQL statement in its original form,
    # and "obfuscated", which strips out numeric and string literals.
    # Default is obfuscated.
    record_sql: obfuscated

    # Set this to true to log SQL statements instead of recording them.
    # SQL is logged using the record_sql mode.
    # Default is false.
    log_sql: false

    # Threshold in seconds for when to collect stack trace for a SQL
    # call. In other words, when SQL statements exceed this threshold,
    # then capture and send to New Relic the current stack trace. This is
    # helpful for pinpointing where long SQL calls originate from.
    # Default is 0.5 seconds.
    stack_trace_threshold: 0.5

    # Determines whether the agent will capture query plans for slow
    # SQL queries. Only supported for MySQL and PostgreSQL.
    # Default is true.
    explain_enabled: true

    # Threshold for query execution time below which query plans will not
    # not be captured.  Relevant only when `explain_enabled` is true.
    # Default is 0.5 seconds.
    explain_threshold: 0.5

    # Use this setting to control the variety of transaction traces.
    # The higher the setting, the greater the variety.
    # Set this to 0 to always report the slowest transaction trace.
    # Default is 20.
    top_n: 20

  # Error collector captures information about uncaught exceptions and
  # sends them to New Relic for viewing.
  error_collector:

    # This property enables the collection of errors. If the property is not
    # set or the property is set to false, then errors will not be collected.
    # Default is true.
    enabled: true

    # Use this property to exclude specific exceptions from being reported as errors
    # by providing a comma separated list of full class names.
    # The default is to exclude akka.actor.ActorKilledException. If you want to override
    # this, you must provide any new value as an empty list is ignored.
    ignore_errors: akka.actor.ActorKilledException

    # Use this property to exclude specific http status codes from being reported as errors
    # by providing a comma separated list of status codes.
    # The default is to exclude 404s. If you want to override
    # this, you must provide any new value as an empty list is ignored.
    ignore_status_codes: 404

  # Transaction Events are used for Histograms and Percentiles. Unaggregated data is collected
  # for each web transaction and sent to the server on harvest.
  transaction_events:

    # Set to false to disable transaction events.
    # Default is true.
    enabled: true

    # Events are collected up to the configured amount. Afterwards, events are sampled to
    # maintain an even distribution across the harvest cycle.
    # Default is 2000.  Setting to 0 will disable.
    max_samples_stored: 2000

  # Cross Application Tracing adds request and response headers to
  # external calls using supported HTTP libraries to provide better
  # performance data when calling applications monitored by other New Relic Agents.
  cross_application_tracer:

    # Set to false to disable cross application tracing.
    # Default is true.
    enabled: true

  # Thread profiler measures wall clock time, CPU time, and method call counts
  # in your application's threads as they run.
  # This feature is not available to Lite accounts and is automatically disabled.
  thread_profiler:

    # Set to false to disable the thread profiler.
    # Default is true.
    enabled: true

  # New Relic Real User Monitoring gives you insight into the performance real users are
  # experiencing with your website. This is accomplished by measuring the time it takes for
  # your users' browsers to download and render your web pages by injecting a small amount
  # of JavaScript code into the header and footer of each page.
  browser_monitoring:

    # By default the agent automatically inserts API calls in compiled JSPs to
    # inject the monitoring JavaScript into web pages. Not all rendering engines are supported.
    # See https://docs.newrelic.com/docs/java/real-user-monitoring-in-java#manual_instrumentation
    # for instructions to add these manually to your pages.
    # Set this attribute to false to turn off this behavior.
    auto_instrument: true

  class_transformer:
    # This instrumentation reports the name of the user principal returned from
    # HttpServletRequest.getUserPrincipal() when servlets and filters are invoked.
    com.newrelic.instrumentation.servlet-user:
      enabled: false

    com.newrelic.instrumentation.spring-aop-2:
      enabled: false

    # Classes loaded by classloaders in this list will not be instrumented.
    # This is a useful optimization for runtimes which use classloaders to
    # load dynamic classes which the agent would not instrument.
    classloader_excludes:
      groovy.lang.GroovyClassLoader$InnerLoader,
      org.codehaus.groovy.runtime.callsite.CallSiteClassLoader,
      com.collaxa.cube.engine.deployment.BPELClassLoader,
      org.springframework.data.convert.ClassGeneratingEntityInstantiator$ObjectInstantiatorClassGenerator,
      org.mvel2.optimizers.impl.asm.ASMAccessorOptimizer$ContextClassLoader,
      gw.internal.gosu.compiler.SingleServingGosuClassLoader,

  # User-configurable custom labels for this agent.  Labels are name-value pairs.
  # There is a maximum of 64 labels per agent.  Names and values are limited to 255 characters.
  # Names and values may not contain colons (:) or semicolons (;).
  labels:

    # An example label
    #label_name: label_value


# Application Environments
# ------------------------------------------
# Environment specific settings are in this section.
# You can use the environment to override the default settings.
# For example, to change the app_name setting.
# Use -Dnewrelic.environment=<environment> on the Java startup command line
# to set the environment.
# The default environment is production.

# NOTE if your application has other named environments, you should
# provide configuration settings for these environments here.

development:
  <<: *default_settings
  app_name: sample (Development)

test:
  <<: *default_settings
  app_name: sample (Test)

production:
  <<: *default_settings

staging:
  <<: *default_settings
  app_name: sample (Staging)
Oct 25, 2017 02:23:30 +0000 [1 1] com.newrelic INFO: New Relic Agent: Loading configuration file "/apache-tomcat-8.5.23/newrelic/./newrelic.yml"
Oct 25, 2017 02:23:33 +0000 [1 1] com.newrelic INFO: New Relic Agent: Writing to log file: /apache-tomcat-8.5.23/newrelic/logs/newrelic_agent.log
25-Oct-2017 02:27:05.615 INFO [main] org.apache.catalina.startup.VersionLoggerListener.log Server version:        Apache Tomcat/8.5.23
25-Oct-2017 02:27:06.110 INFO [main] org.apache.catalina.startup.VersionLoggerListener.log Server built:          Sep 28 2017 10:30:11 UTC
25-Oct-2017 02:27:06.110 INFO [main] org.apache.catalina.startup.VersionLoggerListener.log Server number:         8.5.23.0
25-Oct-2017 02:27:06.110 INFO [main] org.apache.catalina.startup.VersionLoggerListener.log OS Name:               Linux
25-Oct-2017 02:27:06.110 INFO [main] org.apache.catalina.startup.VersionLoggerListener.log OS Version:            4.4.0-1022-aws
25-Oct-2017 02:27:06.111 INFO [main] org.apache.catalina.startup.VersionLoggerListener.log Architecture:          amd64
25-Oct-2017 02:27:06.111 INFO [main] org.apache.catalina.startup.VersionLoggerListener.log Java Home:             /usr/lib/jvm/java-8-openjdk-amd64/jre
25-Oct-2017 02:27:06.188 INFO [main] org.apache.catalina.startup.VersionLoggerListener.log JVM Version:           1.8.0_111-8u111-b14-2~bpo8+1-b14
25-Oct-2017 02:27:06.189 INFO [main] org.apache.catalina.startup.VersionLoggerListener.log JVM Vendor:            Oracle Corporation
25-Oct-2017 02:27:06.189 INFO [main] org.apache.catalina.startup.VersionLoggerListener.log CATALINA_BASE:         /apache-tomcat-8.5.23
25-Oct-2017 02:27:06.189 INFO [main] org.apache.catalina.startup.VersionLoggerListener.log CATALINA_HOME:         /apache-tomcat-8.5.23
25-Oct-2017 02:27:06.189 INFO [main] org.apache.catalina.startup.VersionLoggerListener.log Command line argument: -Djava.util.logging.config.file=/apache-tomcat-8.5.23/conf/logging.properties
25-Oct-2017 02:27:06.190 INFO [main] org.apache.catalina.startup.VersionLoggerListener.log Command line argument: -Djava.util.logging.manager=org.apache.juli.ClassLoaderLogManager
25-Oct-2017 02:27:06.190 INFO [main] org.apache.catalina.startup.VersionLoggerListener.log Command line argument: -javaagent:/apache-tomcat-8.5.23/newrelic/newrelic.jar
25-Oct-2017 02:27:06.190 INFO [main] org.apache.catalina.startup.VersionLoggerListener.log Command line argument: -Djdk.tls.ephemeralDHKeySize=2048
25-Oct-2017 02:27:06.190 INFO [main] org.apache.catalina.startup.VersionLoggerListener.log Command line argument: -Djava.protocol.handler.pkgs=org.apache.catalina.webresources
25-Oct-2017 02:27:06.191 INFO [main] org.apache.catalina.startup.VersionLoggerListener.log Command line argument: -javaagent:/apache-tomcat-8.5.23/newrelic/newrelic.jar
25-Oct-2017 02:27:06.191 INFO [main] org.apache.catalina.startup.VersionLoggerListener.log Command line argument: -javaagent:/apache-tomcat-8.5.23/newrelic/newrelic.jar
25-Oct-2017 02:27:06.191 INFO [main] org.apache.catalina.startup.VersionLoggerListener.log Command line argument: -Dcatalina.base=/apache-tomcat-8.5.23
25-Oct-2017 02:27:06.191 INFO [main] org.apache.catalina.startup.VersionLoggerListener.log Command line argument: -Dcatalina.home=/apache-tomcat-8.5.23
25-Oct-2017 02:27:06.192 INFO [main] org.apache.catalina.startup.VersionLoggerListener.log Command line argument: -Djava.io.tmpdir=/apache-tomcat-8.5.23/temp
25-Oct-2017 02:27:06.192 INFO [main] org.apache.catalina.core.AprLifecycleListener.lifecycleEvent The APR based Apache Tomcat Native library which allows optimal performance in production environments was not found on the java.library.path: [/usr/java/packages/lib/amd64:/usr/lib/x86_64-linux-gnu/jni:/lib/x86_64-linux-gnu:/usr/lib/x86_64-linux-gnu:/usr/lib/jni:/lib:/usr/lib]
25-Oct-2017 02:27:10.524 INFO [main] org.apache.coyote.AbstractProtocol.init Initializing ProtocolHandler ["http-nio-8080"]
25-Oct-2017 02:27:11.753 INFO [main] org.apache.tomcat.util.net.NioSelectorPool.getSharedSelector Using a shared selector for servlet write/read
25-Oct-2017 02:27:11.917 INFO [main] org.apache.coyote.AbstractProtocol.init Initializing ProtocolHandler ["ajp-nio-8009"]
25-Oct-2017 02:27:12.085 INFO [main] org.apache.tomcat.util.net.NioSelectorPool.getSharedSelector Using a shared selector for servlet write/read
25-Oct-2017 02:27:12.164 INFO [main] org.apache.catalina.startup.Catalina.load Initialization processed in 42987 ms
25-Oct-2017 02:27:13.804 INFO [main] org.apache.catalina.core.StandardService.startInternal Starting service [Catalina]
25-Oct-2017 02:27:13.884 INFO [main] org.apache.catalina.core.StandardEngine.startInternal Starting Servlet Engine: Apache Tomcat/8.5.23
25-Oct-2017 02:27:18.797 INFO [localhost-startStop-1] org.apache.catalina.startup.HostConfig.deployWAR Deploying web application archive [/apache-tomcat-8.5.23/webapps/sample.war]
25-Oct-2017 02:28:34.532 INFO [localhost-startStop-1] org.apache.jasper.servlet.TldScanner.scanJars At least one JAR was scanned for TLDs yet contained no TLDs. Enable debug logging for this logger for a complete list of JARs that were scanned but no TLDs were found in them. Skipping unneeded JARs during scanning can improve startup time and JSP compilation time.
25-Oct-2017 02:30:11.019 WARNING [localhost-startStop-1] org.apache.catalina.util.SessionIdGeneratorBase.createSecureRandom Creation of SecureRandom instance for session ID generation using [SHA1PRNG] took [93,993] milliseconds.
25-Oct-2017 02:30:12.410 INFO [localhost-startStop-1] org.apache.catalina.startup.HostConfig.deployWAR Deployment of web application archive [/apache-tomcat-8.5.23/webapps/sample.war] has finished in [173,613] ms
25-Oct-2017 02:30:12.412 INFO [localhost-startStop-1] org.apache.catalina.startup.HostConfig.deployDirectory Deploying web application directory [/apache-tomcat-8.5.23/webapps/ROOT]
25-Oct-2017 02:30:35.923 INFO [localhost-startStop-1] org.apache.jasper.servlet.TldScanner.scanJars At least one JAR was scanned for TLDs yet contained no TLDs. Enable debug logging for this logger for a complete list of JARs that were scanned but no TLDs were found in them. Skipping unneeded JARs during scanning can improve startup time and JSP compilation time.
25-Oct-2017 02:30:36.498 INFO [localhost-startStop-1] org.apache.catalina.startup.HostConfig.deployDirectory Deployment of web application directory [/apache-tomcat-8.5.23/webapps/ROOT] has finished in [24,086] ms
25-Oct-2017 02:30:36.499 INFO [localhost-startStop-1] org.apache.catalina.startup.HostConfig.deployDirectory Deploying web application directory [/apache-tomcat-8.5.23/webapps/examples]
25-Oct-2017 02:31:09.071 INFO [localhost-startStop-1] org.apache.jasper.servlet.TldScanner.scanJars At least one JAR was scanned for TLDs yet contained no TLDs. Enable debug logging for this logger for a complete list of JARs that were scanned but no TLDs were found in them. Skipping unneeded JARs during scanning can improve startup time and JSP compilation time.
25-Oct-2017 02:31:18.733 INFO [localhost-startStop-1] org.apache.catalina.startup.HostConfig.deployDirectory Deployment of web application directory [/apache-tomcat-8.5.23/webapps/examples] has finished in [42,234] ms
25-Oct-2017 02:31:18.734 INFO [localhost-startStop-1] org.apache.catalina.startup.HostConfig.deployDirectory Deploying web application directory [/apache-tomcat-8.5.23/webapps/manager]
25-Oct-2017 02:31:41.914 INFO [localhost-startStop-1] org.apache.jasper.servlet.TldScanner.scanJars At least one JAR was scanned for TLDs yet contained no TLDs. Enable debug logging for this logger for a complete list of JARs that were scanned but no TLDs were found in them. Skipping unneeded JARs during scanning can improve startup time and JSP compilation time.
25-Oct-2017 02:31:42.572 INFO [localhost-startStop-1] org.apache.catalina.startup.HostConfig.deployDirectory Deployment of web application directory [/apache-tomcat-8.5.23/webapps/manager] has finished in [23,839] ms
25-Oct-2017 02:31:42.573 INFO [localhost-startStop-1] org.apache.catalina.startup.HostConfig.deployDirectory Deploying web application directory [/apache-tomcat-8.5.23/webapps/docs]
25-Oct-2017 02:32:05.786 INFO [localhost-startStop-1] org.apache.jasper.servlet.TldScanner.scanJars At least one JAR was scanned for TLDs yet contained no TLDs. Enable debug logging for this logger for a complete list of JARs that were scanned but no TLDs were found in them. Skipping unneeded JARs during scanning can improve startup time and JSP compilation time.
25-Oct-2017 02:32:05.955 INFO [localhost-startStop-1] org.apache.catalina.startup.HostConfig.deployDirectory Deployment of web application directory [/apache-tomcat-8.5.23/webapps/docs] has finished in [23,382] ms
25-Oct-2017 02:32:05.956 INFO [localhost-startStop-1] org.apache.catalina.startup.HostConfig.deployDirectory Deploying web application directory [/apache-tomcat-8.5.23/webapps/host-manager]
25-Oct-2017 02:32:31.832 INFO [localhost-startStop-1] org.apache.jasper.servlet.TldScanner.scanJars At least one JAR was scanned for TLDs yet contained no TLDs. Enable debug logging for this logger for a complete list of JARs that were scanned but no TLDs were found in them. Skipping unneeded JARs during scanning can improve startup time and JSP compilation time.
25-Oct-2017 02:32:32.075 INFO [localhost-startStop-1] org.apache.catalina.startup.HostConfig.deployDirectory Deployment of web application directory [/apache-tomcat-8.5.23/webapps/host-manager] has finished in [26,119] ms
25-Oct-2017 02:32:33.060 INFO [main] org.apache.coyote.AbstractProtocol.start Starting ProtocolHandler ["http-nio-8080"]
25-Oct-2017 02:32:33.713 INFO [main] org.apache.coyote.AbstractProtocol.start Starting ProtocolHandler ["ajp-nio-8009"]
25-Oct-2017 02:32:33.881 INFO [main] org.apache.catalina.startup.Catalina.start Server startup in 321715 ms
